mode: set
github.com/gopherdojo/dojo8/kadai4/segakazzz/omikuji/omikuji.go:33.28,35.2 1 1
github.com/gopherdojo/dojo8/kadai4/segakazzz/omikuji/omikuji.go:37.74,39.16 2 1
github.com/gopherdojo/dojo8/kadai4/segakazzz/omikuji/omikuji.go:43.2,44.16 2 1
github.com/gopherdojo/dojo8/kadai4/segakazzz/omikuji/omikuji.go:47.2,48.13 2 1
github.com/gopherdojo/dojo8/kadai4/segakazzz/omikuji/omikuji.go:39.16,42.3 2 1
github.com/gopherdojo/dojo8/kadai4/segakazzz/omikuji/omikuji.go:44.16,46.3 1 1
github.com/gopherdojo/dojo8/kadai4/segakazzz/omikuji/omikuji.go:51.26,56.16 5 1
github.com/gopherdojo/dojo8/kadai4/segakazzz/omikuji/omikuji.go:59.2,59.12 1 0
github.com/gopherdojo/dojo8/kadai4/segakazzz/omikuji/omikuji.go:56.16,58.3 1 1
github.com/gopherdojo/dojo8/kadai4/segakazzz/omikuji/omikuji.go:62.38,66.2 3 1
github.com/gopherdojo/dojo8/kadai4/segakazzz/omikuji/omikuji.go:68.50,69.11 1 1
github.com/gopherdojo/dojo8/kadai4/segakazzz/omikuji/omikuji.go:70.9,71.20 1 1
github.com/gopherdojo/dojo8/kadai4/segakazzz/omikuji/omikuji.go:72.12,73.20 1 1
github.com/gopherdojo/dojo8/kadai4/segakazzz/omikuji/omikuji.go:74.12,75.23 1 1
github.com/gopherdojo/dojo8/kadai4/segakazzz/omikuji/omikuji.go:76.9,77.23 1 1
github.com/gopherdojo/dojo8/kadai4/segakazzz/omikuji/omikuji.go:78.10,79.48 1 1
github.com/gopherdojo/dojo8/kadai4/segakazzz/omikuji/omikuji.go:83.38,86.26 3 1
github.com/gopherdojo/dojo8/kadai4/segakazzz/omikuji/omikuji.go:91.2,92.12 2 1
github.com/gopherdojo/dojo8/kadai4/segakazzz/omikuji/omikuji.go:86.26,88.3 1 1
github.com/gopherdojo/dojo8/kadai4/segakazzz/omikuji/omikuji.go:88.8,90.3 1 1
github.com/gopherdojo/dojo8/kadai4/segakazzz/omikuji/omikuji.go:95.45,97.16 2 1
github.com/gopherdojo/dojo8/kadai4/segakazzz/omikuji/omikuji.go:100.2,100.16 1 1
github.com/gopherdojo/dojo8/kadai4/segakazzz/omikuji/omikuji.go:97.16,99.3 1 1
github.com/gopherdojo/dojo8/kadai4/segakazzz/omikuji/omikuji.go:103.44,105.26 2 1
github.com/gopherdojo/dojo8/kadai4/segakazzz/omikuji/omikuji.go:108.2,108.14 1 1
github.com/gopherdojo/dojo8/kadai4/segakazzz/omikuji/omikuji.go:105.26,107.3 1 1
