mode: set
github.com/gopherdojo/dojo8/kadai2/tanaka0325/imgconv/file.go:15.54,15.75 1 0
github.com/gopherdojo/dojo8/kadai2/tanaka0325/imgconv/file.go:16.54,16.77 1 0
github.com/gopherdojo/dojo8/kadai2/tanaka0325/imgconv/file.go:18.21,20.2 1 1
github.com/gopherdojo/dojo8/kadai2/tanaka0325/imgconv/format.go:35.53,35.77 1 0
github.com/gopherdojo/dojo8/kadai2/tanaka0325/imgconv/format.go:36.53,36.80 1 0
github.com/gopherdojo/dojo8/kadai2/tanaka0325/imgconv/format.go:37.53,37.69 1 1
github.com/gopherdojo/dojo8/kadai2/tanaka0325/imgconv/format.go:42.54,42.79 1 0
github.com/gopherdojo/dojo8/kadai2/tanaka0325/imgconv/format.go:43.54,43.87 1 0
github.com/gopherdojo/dojo8/kadai2/tanaka0325/imgconv/format.go:44.54,44.70 1 1
github.com/gopherdojo/dojo8/kadai2/tanaka0325/imgconv/format.go:49.53,49.77 1 0
github.com/gopherdojo/dojo8/kadai2/tanaka0325/imgconv/format.go:50.53,52.2 1 0
github.com/gopherdojo/dojo8/kadai2/tanaka0325/imgconv/format.go:53.31,53.47 1 1
github.com/gopherdojo/dojo8/kadai2/tanaka0325/imgconv/format.go:58.53,58.77 1 0
github.com/gopherdojo/dojo8/kadai2/tanaka0325/imgconv/format.go:59.53,59.80 1 0
github.com/gopherdojo/dojo8/kadai2/tanaka0325/imgconv/format.go:60.53,60.69 1 1
github.com/gopherdojo/dojo8/kadai2/tanaka0325/imgconv/format.go:65.54,65.79 1 0
github.com/gopherdojo/dojo8/kadai2/tanaka0325/imgconv/format.go:66.54,66.87 1 0
github.com/gopherdojo/dojo8/kadai2/tanaka0325/imgconv/format.go:67.54,67.70 1 1
github.com/gopherdojo/dojo8/kadai2/tanaka0325/imgconv/format.go:69.47,70.13 1 1
github.com/gopherdojo/dojo8/kadai2/tanaka0325/imgconv/format.go:83.2,83.12 1 1
github.com/gopherdojo/dojo8/kadai2/tanaka0325/imgconv/format.go:71.13,72.24 1 1
github.com/gopherdojo/dojo8/kadai2/tanaka0325/imgconv/format.go:73.21,74.25 1 1
github.com/gopherdojo/dojo8/kadai2/tanaka0325/imgconv/format.go:75.13,76.24 1 1
github.com/gopherdojo/dojo8/kadai2/tanaka0325/imgconv/format.go:77.13,78.24 1 1
github.com/gopherdojo/dojo8/kadai2/tanaka0325/imgconv/format.go:79.21,80.25 1 1
github.com/gopherdojo/dojo8/kadai2/tanaka0325/imgconv/imgconv.go:15.42,17.16 2 1
github.com/gopherdojo/dojo8/kadai2/tanaka0325/imgconv/imgconv.go:20.2,24.16 4 1
github.com/gopherdojo/dojo8/kadai2/tanaka0325/imgconv/imgconv.go:27.2,27.15 1 1
github.com/gopherdojo/dojo8/kadai2/tanaka0325/imgconv/imgconv.go:34.2,34.77 1 1
github.com/gopherdojo/dojo8/kadai2/tanaka0325/imgconv/imgconv.go:38.2,38.12 1 1
github.com/gopherdojo/dojo8/kadai2/tanaka0325/imgconv/imgconv.go:17.16,19.3 1 1
github.com/gopherdojo/dojo8/kadai2/tanaka0325/imgconv/imgconv.go:24.16,26.3 1 1
github.com/gopherdojo/dojo8/kadai2/tanaka0325/imgconv/imgconv.go:27.15,29.17 2 1
github.com/gopherdojo/dojo8/kadai2/tanaka0325/imgconv/imgconv.go:29.17,31.4 1 0
github.com/gopherdojo/dojo8/kadai2/tanaka0325/imgconv/imgconv.go:34.77,36.3 1 1
github.com/gopherdojo/dojo8/kadai2/tanaka0325/imgconv/imgconv.go:41.62,44.2 2 1
github.com/gopherdojo/dojo8/kadai2/tanaka0325/imgconv/imgconv.go:46.68,48.16 2 1
github.com/gopherdojo/dojo8/kadai2/tanaka0325/imgconv/imgconv.go:52.2,52.41 1 1
github.com/gopherdojo/dojo8/kadai2/tanaka0325/imgconv/imgconv.go:56.2,56.12 1 1
github.com/gopherdojo/dojo8/kadai2/tanaka0325/imgconv/imgconv.go:48.16,50.3 1 1
github.com/gopherdojo/dojo8/kadai2/tanaka0325/imgconv/imgconv.go:52.41,54.3 1 1
