mode: set
github.com/gopherdojo/dojo8/kadai2/segakazzz/imgconv/imgconv.go:26.63,28.16 2 1
github.com/gopherdojo/dojo8/kadai2/segakazzz/imgconv/imgconv.go:32.2,33.16 2 1
github.com/gopherdojo/dojo8/kadai2/segakazzz/imgconv/imgconv.go:37.2,38.12 2 1
github.com/gopherdojo/dojo8/kadai2/segakazzz/imgconv/imgconv.go:28.16,31.3 1 1
github.com/gopherdojo/dojo8/kadai2/segakazzz/imgconv/imgconv.go:33.16,36.3 1 0
github.com/gopherdojo/dojo8/kadai2/segakazzz/imgconv/imgconv.go:41.84,48.15 2 1
github.com/gopherdojo/dojo8/kadai2/segakazzz/imgconv/imgconv.go:54.2,54.16 1 1
github.com/gopherdojo/dojo8/kadai2/segakazzz/imgconv/imgconv.go:61.2,61.21 1 1
github.com/gopherdojo/dojo8/kadai2/segakazzz/imgconv/imgconv.go:64.2,64.72 1 1
github.com/gopherdojo/dojo8/kadai2/segakazzz/imgconv/imgconv.go:49.20,50.33 1 1
github.com/gopherdojo/dojo8/kadai2/segakazzz/imgconv/imgconv.go:51.10,52.26 1 1
github.com/gopherdojo/dojo8/kadai2/segakazzz/imgconv/imgconv.go:55.20,56.35 1 1
github.com/gopherdojo/dojo8/kadai2/segakazzz/imgconv/imgconv.go:57.10,58.27 1 1
github.com/gopherdojo/dojo8/kadai2/segakazzz/imgconv/imgconv.go:61.21,63.3 1 1
github.com/gopherdojo/dojo8/kadai2/segakazzz/imgconv/imgconv.go:68.37,70.14 2 1
github.com/gopherdojo/dojo8/kadai2/segakazzz/imgconv/imgconv.go:73.2,74.14 2 1
github.com/gopherdojo/dojo8/kadai2/segakazzz/imgconv/imgconv.go:77.2,77.12 1 1
github.com/gopherdojo/dojo8/kadai2/segakazzz/imgconv/imgconv.go:70.14,72.3 1 0
github.com/gopherdojo/dojo8/kadai2/segakazzz/imgconv/imgconv.go:74.14,76.3 1 0
github.com/gopherdojo/dojo8/kadai2/segakazzz/imgconv/imgconv.go:80.61,83.16 3 1
github.com/gopherdojo/dojo8/kadai2/segakazzz/imgconv/imgconv.go:86.2,86.26 1 1
github.com/gopherdojo/dojo8/kadai2/segakazzz/imgconv/imgconv.go:92.2,92.25 1 1
github.com/gopherdojo/dojo8/kadai2/segakazzz/imgconv/imgconv.go:83.16,85.3 1 1
github.com/gopherdojo/dojo8/kadai2/segakazzz/imgconv/imgconv.go:86.26,87.17 1 1
github.com/gopherdojo/dojo8/kadai2/segakazzz/imgconv/imgconv.go:87.17,89.4 1 1
github.com/gopherdojo/dojo8/kadai2/segakazzz/imgconv/imgconv.go:95.61,97.14 2 1
github.com/gopherdojo/dojo8/kadai2/segakazzz/imgconv/imgconv.go:100.2,100.29 1 1
github.com/gopherdojo/dojo8/kadai2/segakazzz/imgconv/imgconv.go:108.2,108.12 1 1
github.com/gopherdojo/dojo8/kadai2/segakazzz/imgconv/imgconv.go:97.14,99.3 1 0
github.com/gopherdojo/dojo8/kadai2/segakazzz/imgconv/imgconv.go:100.29,101.34 1 1
github.com/gopherdojo/dojo8/kadai2/segakazzz/imgconv/imgconv.go:101.34,103.16 2 1
github.com/gopherdojo/dojo8/kadai2/segakazzz/imgconv/imgconv.go:103.16,105.5 1 0
github.com/gopherdojo/dojo8/kadai2/segakazzz/imgconv/imgconv.go:111.62,116.26 5 1
github.com/gopherdojo/dojo8/kadai2/segakazzz/imgconv/imgconv.go:120.2,121.14 2 1
github.com/gopherdojo/dojo8/kadai2/segakazzz/imgconv/imgconv.go:125.2,125.15 1 1
github.com/gopherdojo/dojo8/kadai2/segakazzz/imgconv/imgconv.go:129.2,130.26 2 1
github.com/gopherdojo/dojo8/kadai2/segakazzz/imgconv/imgconv.go:135.2,135.14 1 1
github.com/gopherdojo/dojo8/kadai2/segakazzz/imgconv/imgconv.go:139.2,139.15 1 1
github.com/gopherdojo/dojo8/kadai2/segakazzz/imgconv/imgconv.go:143.2,146.17 2 1
github.com/gopherdojo/dojo8/kadai2/segakazzz/imgconv/imgconv.go:153.2,153.14 1 1
github.com/gopherdojo/dojo8/kadai2/segakazzz/imgconv/imgconv.go:156.2,156.18 1 1
github.com/gopherdojo/dojo8/kadai2/segakazzz/imgconv/imgconv.go:162.2,162.14 1 1
github.com/gopherdojo/dojo8/kadai2/segakazzz/imgconv/imgconv.go:165.2,165.12 1 1
github.com/gopherdojo/dojo8/kadai2/segakazzz/imgconv/imgconv.go:116.26,118.3 1 0
github.com/gopherdojo/dojo8/kadai2/segakazzz/imgconv/imgconv.go:121.14,123.3 1 1
github.com/gopherdojo/dojo8/kadai2/segakazzz/imgconv/imgconv.go:125.15,127.3 1 1
github.com/gopherdojo/dojo8/kadai2/segakazzz/imgconv/imgconv.go:130.26,132.3 1 1
github.com/gopherdojo/dojo8/kadai2/segakazzz/imgconv/imgconv.go:132.8,134.3 1 0
github.com/gopherdojo/dojo8/kadai2/segakazzz/imgconv/imgconv.go:135.14,137.3 1 0
github.com/gopherdojo/dojo8/kadai2/segakazzz/imgconv/imgconv.go:139.15,141.3 1 1
github.com/gopherdojo/dojo8/kadai2/segakazzz/imgconv/imgconv.go:147.13,148.27 1 1
github.com/gopherdojo/dojo8/kadai2/segakazzz/imgconv/imgconv.go:149.13,150.26 1 1
github.com/gopherdojo/dojo8/kadai2/segakazzz/imgconv/imgconv.go:153.14,155.3 1 0
github.com/gopherdojo/dojo8/kadai2/segakazzz/imgconv/imgconv.go:157.13,158.27 1 1
github.com/gopherdojo/dojo8/kadai2/segakazzz/imgconv/imgconv.go:159.13,160.33 1 1
github.com/gopherdojo/dojo8/kadai2/segakazzz/imgconv/imgconv.go:162.14,164.3 1 0
github.com/gopherdojo/dojo8/kadai2/segakazzz/imgconv/imgconv.go:168.54,170.24 2 1
github.com/gopherdojo/dojo8/kadai2/segakazzz/imgconv/imgconv.go:173.2,173.22 1 1
github.com/gopherdojo/dojo8/kadai2/segakazzz/imgconv/imgconv.go:170.24,172.3 1 0
github.com/gopherdojo/dojo8/kadai2/segakazzz/imgconv/imgconv.go:176.52,178.24 2 1
github.com/gopherdojo/dojo8/kadai2/segakazzz/imgconv/imgconv.go:181.2,181.21 1 1
github.com/gopherdojo/dojo8/kadai2/segakazzz/imgconv/imgconv.go:178.24,180.3 1 0
