mode: set
github.com/gopherdojo/dojo8/kadai2/InoAyaka/imageConv.go:28.13,29.46 1 0
github.com/gopherdojo/dojo8/kadai2/InoAyaka/imageConv.go:29.46,31.3 1 0
github.com/gopherdojo/dojo8/kadai2/InoAyaka/imageConv.go:35.16,40.39 2 1
github.com/gopherdojo/dojo8/kadai2/InoAyaka/imageConv.go:45.2,45.48 1 1
github.com/gopherdojo/dojo8/kadai2/InoAyaka/imageConv.go:50.2,50.24 1 1
github.com/gopherdojo/dojo8/kadai2/InoAyaka/imageConv.go:40.39,43.3 2 1
github.com/gopherdojo/dojo8/kadai2/InoAyaka/imageConv.go:45.48,48.3 2 0
github.com/gopherdojo/dojo8/kadai2/InoAyaka/imageConv.go:55.33,57.15 1 1
github.com/gopherdojo/dojo8/kadai2/InoAyaka/imageConv.go:62.2,62.48 1 1
github.com/gopherdojo/dojo8/kadai2/InoAyaka/imageConv.go:68.2,68.12 1 1
github.com/gopherdojo/dojo8/kadai2/InoAyaka/imageConv.go:57.15,59.3 1 1
github.com/gopherdojo/dojo8/kadai2/InoAyaka/imageConv.go:62.48,64.3 1 1
github.com/gopherdojo/dojo8/kadai2/InoAyaka/imageConv.go:64.8,64.23 1 1
github.com/gopherdojo/dojo8/kadai2/InoAyaka/imageConv.go:64.23,66.3 1 1
github.com/gopherdojo/dojo8/kadai2/InoAyaka/imageConv.go:73.54,81.81 2 1
github.com/gopherdojo/dojo8/kadai2/InoAyaka/imageConv.go:94.2,94.16 1 1
github.com/gopherdojo/dojo8/kadai2/InoAyaka/imageConv.go:98.2,98.12 1 1
github.com/gopherdojo/dojo8/kadai2/InoAyaka/imageConv.go:81.81,84.52 1 1
github.com/gopherdojo/dojo8/kadai2/InoAyaka/imageConv.go:91.3,91.13 1 1
github.com/gopherdojo/dojo8/kadai2/InoAyaka/imageConv.go:84.52,86.55 2 1
github.com/gopherdojo/dojo8/kadai2/InoAyaka/imageConv.go:86.55,89.5 1 0
github.com/gopherdojo/dojo8/kadai2/InoAyaka/imageConv.go:94.16,96.3 1 0
github.com/gopherdojo/dojo8/kadai2/InoAyaka/converter/converter.go:27.35,30.16 2 1
github.com/gopherdojo/dojo8/kadai2/InoAyaka/converter/converter.go:33.2,37.16 3 1
github.com/gopherdojo/dojo8/kadai2/InoAyaka/converter/converter.go:42.2,47.16 4 1
github.com/gopherdojo/dojo8/kadai2/InoAyaka/converter/converter.go:52.2,52.40 1 1
github.com/gopherdojo/dojo8/kadai2/InoAyaka/converter/converter.go:68.2,68.16 1 1
github.com/gopherdojo/dojo8/kadai2/InoAyaka/converter/converter.go:72.2,72.36 1 1
github.com/gopherdojo/dojo8/kadai2/InoAyaka/converter/converter.go:76.2,76.12 1 1
github.com/gopherdojo/dojo8/kadai2/InoAyaka/converter/converter.go:30.16,32.3 1 1
github.com/gopherdojo/dojo8/kadai2/InoAyaka/converter/converter.go:37.16,39.3 1 1
github.com/gopherdojo/dojo8/kadai2/InoAyaka/converter/converter.go:47.16,49.3 1 1
github.com/gopherdojo/dojo8/kadai2/InoAyaka/converter/converter.go:53.13,54.75 1 1
github.com/gopherdojo/dojo8/kadai2/InoAyaka/converter/converter.go:55.13,56.29 1 1
github.com/gopherdojo/dojo8/kadai2/InoAyaka/converter/converter.go:57.13,58.88 1 1
github.com/gopherdojo/dojo8/kadai2/InoAyaka/converter/converter.go:59.13,60.29 1 1
github.com/gopherdojo/dojo8/kadai2/InoAyaka/converter/converter.go:61.14,62.78 1 1
github.com/gopherdojo/dojo8/kadai2/InoAyaka/converter/converter.go:63.10,64.82 1 1
github.com/gopherdojo/dojo8/kadai2/InoAyaka/converter/converter.go:68.16,70.3 1 0
github.com/gopherdojo/dojo8/kadai2/InoAyaka/converter/converter.go:72.36,74.3 1 0
