mode: set
github.com/gopherdojo/dojo8/kadai1/wataboru/imageconverter/ImageConverter.go:29.13,33.46 4 1
github.com/gopherdojo/dojo8/kadai1/wataboru/imageconverter/ImageConverter.go:36.2,37.44 2 1
github.com/gopherdojo/dojo8/kadai1/wataboru/imageconverter/ImageConverter.go:40.2,41.33 2 1
github.com/gopherdojo/dojo8/kadai1/wataboru/imageconverter/ImageConverter.go:33.46,35.3 1 0
github.com/gopherdojo/dojo8/kadai1/wataboru/imageconverter/ImageConverter.go:37.44,39.3 1 0
github.com/gopherdojo/dojo8/kadai1/wataboru/imageconverter/ImageConverter.go:57.65,59.2 1 0
github.com/gopherdojo/dojo8/kadai1/wataboru/imageconverter/ImageConverter.go:63.64,65.2 1 0
github.com/gopherdojo/dojo8/kadai1/wataboru/imageconverter/ImageConverter.go:69.64,71.2 1 0
github.com/gopherdojo/dojo8/kadai1/wataboru/imageconverter/ImageConverter.go:75.64,77.2 1 0
github.com/gopherdojo/dojo8/kadai1/wataboru/imageconverter/ImageConverter.go:81.65,83.2 1 0
github.com/gopherdojo/dojo8/kadai1/wataboru/imageconverter/ImageConverter.go:85.52,86.45 1 1
github.com/gopherdojo/dojo8/kadai1/wataboru/imageconverter/ImageConverter.go:87.23,88.28 1 1
github.com/gopherdojo/dojo8/kadai1/wataboru/imageconverter/ImageConverter.go:89.14,90.27 1 1
github.com/gopherdojo/dojo8/kadai1/wataboru/imageconverter/ImageConverter.go:91.14,92.27 1 1
github.com/gopherdojo/dojo8/kadai1/wataboru/imageconverter/ImageConverter.go:93.14,94.27 1 1
github.com/gopherdojo/dojo8/kadai1/wataboru/imageconverter/ImageConverter.go:95.23,96.28 1 1
github.com/gopherdojo/dojo8/kadai1/wataboru/imageconverter/ImageConverter.go:97.10,98.106 1 1
github.com/gopherdojo/dojo8/kadai1/wataboru/imageconverter/ImageConverter.go:102.44,104.16 2 1
github.com/gopherdojo/dojo8/kadai1/wataboru/imageconverter/ImageConverter.go:107.2,110.16 3 1
github.com/gopherdojo/dojo8/kadai1/wataboru/imageconverter/ImageConverter.go:114.2,114.15 1 1
github.com/gopherdojo/dojo8/kadai1/wataboru/imageconverter/ImageConverter.go:120.2,121.16 2 1
github.com/gopherdojo/dojo8/kadai1/wataboru/imageconverter/ImageConverter.go:125.2,126.16 2 1
github.com/gopherdojo/dojo8/kadai1/wataboru/imageconverter/ImageConverter.go:129.2,129.32 1 1
github.com/gopherdojo/dojo8/kadai1/wataboru/imageconverter/ImageConverter.go:104.16,106.3 1 1
github.com/gopherdojo/dojo8/kadai1/wataboru/imageconverter/ImageConverter.go:110.16,112.3 1 1
github.com/gopherdojo/dojo8/kadai1/wataboru/imageconverter/ImageConverter.go:114.15,115.17 1 1
github.com/gopherdojo/dojo8/kadai1/wataboru/imageconverter/ImageConverter.go:115.17,117.4 1 1
github.com/gopherdojo/dojo8/kadai1/wataboru/imageconverter/ImageConverter.go:121.16,123.3 1 1
github.com/gopherdojo/dojo8/kadai1/wataboru/imageconverter/ImageConverter.go:126.16,128.3 1 1
github.com/gopherdojo/dojo8/kadai1/wataboru/imageconverter/ImageConverter.go:132.78,133.16 1 1
github.com/gopherdojo/dojo8/kadai1/wataboru/imageconverter/ImageConverter.go:137.2,137.18 1 1
github.com/gopherdojo/dojo8/kadai1/wataboru/imageconverter/ImageConverter.go:141.2,142.37 2 1
github.com/gopherdojo/dojo8/kadai1/wataboru/imageconverter/ImageConverter.go:145.2,145.72 1 1
github.com/gopherdojo/dojo8/kadai1/wataboru/imageconverter/ImageConverter.go:133.16,135.3 1 1
github.com/gopherdojo/dojo8/kadai1/wataboru/imageconverter/ImageConverter.go:137.18,139.3 1 1
github.com/gopherdojo/dojo8/kadai1/wataboru/imageconverter/ImageConverter.go:142.37,144.3 1 1
github.com/gopherdojo/dojo8/kadai1/wataboru/imageconverter/ImageConverter.go:151.31,152.92 1 1
github.com/gopherdojo/dojo8/kadai1/wataboru/imageconverter/ImageConverter.go:152.92,154.3 1 1
github.com/gopherdojo/dojo8/kadai1/wataboru/imageconverter/ImageConverter.go:157.48,159.2 1 1
